<?xml version="1.0" encoding="UTF-8" ?>
<testsuite tests="10" failures="0" name="tests.APIDocsPageTests" time="41.17" errors="0" skipped="0">
  <properties>
[...]
</properties>
  <testcase classname="tests.APIDocsPageTests" name="testFilterCreate" time="4.101"/>
  <testcase classname="tests.APIDocsPageTests" name="testOptionCreateTokenSection" time="4.075"/>
  <testcase classname="tests.APIDocsPageTests" name="testOptionHealthCheckSection" time="4.015"/>
  <testcase classname="tests.APIDocsPageTests" name="testFilterGet" time="4.357"/>
  <testcase classname="tests.APIDocsPageTests" name="testOptionDeleteUpdateBookingSection" time="4.193"/>
  <testcase classname="tests.APIDocsPageTests" name="testOptionGetBookingIdsSection" time="4.242"/>
  <testcase classname="tests.APIDocsPageTests" name="testOptionUpdateBookingSection" time="4.036"/>
  <testcase classname="tests.APIDocsPageTests" name="testOptionGetBookingSection" time="3.868"/>
  <testcase classname="tests.APIDocsPageTests" name="testOptionPartialUpdateBookingSection" time="4.102"/>
  <testcase classname="tests.APIDocsPageTests" name="testOptionCreateBookingSection" time="4.181"/>
</testsuite>